09:17:22.141 [main                     ] DEBUG Logger               - Configured Logger
09:17:22.185 [main                     ] DEBUG GameApplication      - Logging settings
Title: Restaurant-Gourmet
Version: 1.1
Width: 950
Height: 545
Fullscreen: false
Intro: false
Profiling: false
Single step:false
App Mode: DEVELOPER
Menu Key: ESCAPE
Stage Style: DECORATED
Scene Factory: class com.almasb.fxgl.app.scene.SceneFactory

09:17:26.038 [JavaFX Application Thread] DEBUG FXGLApplication      - Initializing FXGL
09:17:26.045 [JavaFX Application Thread] INFO  Engine               - FXGL-17 (31.12.2021 18.16) on WINDOWS (J:23.0.1 FX:17.0.0.1)
09:17:26.045 [JavaFX Application Thread] DEBUG Engine               - JRE Vendor Name: Oracle Corporation
09:17:26.046 [JavaFX Application Thread] DEBUG Engine               - Running on OS: Windows 11 version 10.0
09:17:26.046 [JavaFX Application Thread] DEBUG Engine               - Architecture: amd64
09:17:26.046 [JavaFX Application Thread] INFO  Engine               - Source code and latest versions at: https://github.com/AlmasB/FXGL
09:17:26.046 [JavaFX Application Thread] INFO  Engine               -       Ask questions and discuss at: https://github.com/AlmasB/FXGL/discussions
09:17:26.047 [JavaFX Application Thread] INFO  Engine               -              Join the FXGL chat at: https://gitter.im/AlmasB/FXGL
09:17:26.199 [JavaFX Application Thread] DEBUG PrimaryStageWindow   - Creating a JavaFX scene
09:17:26.322 [JavaFX Application Thread] DEBUG PrimaryStageWindow   - Target settings size: 950.0 x 545.0
09:17:26.323 [JavaFX Application Thread] DEBUG PrimaryStageWindow   - Scaled scene size:    950.0 x 545.0
09:17:26.323 [JavaFX Application Thread] DEBUG PrimaryStageWindow   - Scaled ratio: (1.0, 1.0)
09:17:26.324 [JavaFX Application Thread] DEBUG PrimaryStageWindow   - Set initial scene to FXGLStartupScene
09:17:26.336 [JavaFX Application Thread] DEBUG PrimaryStageWindow   - Opening main window
09:17:26.489 [JavaFX Application Thread] DEBUG PrimaryStageWindow   - Window border size: (14.79998779296875, 38.20001220703125)
09:17:26.489 [JavaFX Application Thread] DEBUG PrimaryStageWindow   - Scaled size: 950.0 x 545.0
09:17:26.489 [JavaFX Application Thread] DEBUG PrimaryStageWindow   - Scaled ratio: (1.0, 1.0)
09:17:26.491 [JavaFX Application Thread] DEBUG PrimaryStageWindow   - Scene size: 950.0 x 545.0
09:17:26.491 [JavaFX Application Thread] DEBUG PrimaryStageWindow   - Stage size: 964.7999877929688 x 583.2000122070312
09:17:26.507 [FXGL Background Thread 1 ] DEBUG Engine               - Initializing environment variables
09:17:26.624 [FXGL Background Thread 1 ] DEBUG FXGLAssetLoaderServi - User app class for loading assets: class app.SimulatorRestaurant
09:17:26.624 [FXGL Background Thread 1 ] DEBUG GameApplicationServi - Applying CSS: fxgl_dark.css
09:17:26.625 [FXGL Background Thread 1 ] DEBUG FXGLAssetLoaderServi - Loading from file system: jar:file:/C:/Users/chano/.m2/repository/com/github/almasb/fxgl/17/fxgl-17.jar!/fxglassets/ui/css/fxgl_dark.css
09:17:26.697 [FXGL Background Thread 1 ] DEBUG GameApplicationServi - Initializing application scenes
09:17:26.800 [FXGL Background Thread 1 ] DEBUG GameWorld            - Game world initialized
09:17:26.956 [FXGL Background Thread 1 ] DEBUG PhysicsWorld         - Physics world initialized: appHeight=545, physics.ppm=50.0
09:17:26.956 [FXGL Background Thread 1 ] DEBUG PhysicsWorld         - Using strategy: BRUTE_FORCE
09:17:26.968 [FXGL Background Thread 1 ] DEBUG GameScene            - Game scene initialized: 950x545
09:17:26.968 [FXGL Background Thread 1 ] DEBUG GameApplicationServi - Application scenes initialized
09:17:27.035 [FXGL Background Thread 1 ] DEBUG SystemBundleService  - Loading FXGL system data
09:17:27.043 [FXGL Background Thread 1 ] DEBUG FileSystemAccess     - Reading from: C:\Users\chano\Documents\SimuladorGourmet\system\fxgl.bundle
09:17:27.059 [FXGL Background Thread 1 ] DEBUG SystemBundleService  - Bundle FXGL: {}
09:17:27.059 [FXGL Background Thread 1 ] DEBUG UpdaterService       - Checking for updates
09:17:27.070 [FXGL Background Thread 4 ] DEBUG FXGLApplication      - Loading fonts
09:17:27.071 [FXGL Background Thread 1 ] DEBUG FXGLApplication      - Loading default localization
09:17:27.071 [FXGL Background Thread 4 ] DEBUG FXGLAssetLoaderServi - Loading from file system: jar:file:/C:/Users/chano/.m2/repository/com/github/almasb/fxgl/17/fxgl-17.jar!/fxglassets/ui/fonts/VarelaRound-Regular.ttf
09:17:27.072 [FXGL Background Thread 1 ] DEBUG FXGLAssetLoaderServi - Loading from file system: jar:file:/C:/Users/chano/.m2/repository/com/github/almasb/fxgl/17/fxgl-17.jar!/fxglassets/languages/english.lang
09:17:27.112 [FXGL Background Thread 1 ] INFO  FXGLApplication      - FXGL initialization took: 0.605 sec
09:17:27.114 [JavaFX Application Thread] DEBUG FXGLAssetLoaderServi - Loading from file system: jar:file:/C:/Users/chano/.m2/repository/com/github/almasb/fxgl/17/fxgl-17.jar!/fxglassets/textures/fxgl_icon.png
09:17:27.164 [FXGL Background Thread 4 ] DEBUG FXGLAssetLoaderServi - Loading from file system: jar:file:/C:/Users/chano/.m2/repository/com/github/almasb/fxgl/17/fxgl-17.jar!/fxglassets/ui/fonts/Abel-Regular.ttf
09:17:27.171 [FXGL Background Thread 4 ] DEBUG FXGLAssetLoaderServi - Loading from file system: jar:file:/C:/Users/chano/.m2/repository/com/github/almasb/fxgl/17/fxgl-17.jar!/fxglassets/ui/fonts/TerminalLandMono-Regular.otf
09:17:27.180 [FXGL Background Thread 4 ] DEBUG FXGLAssetLoaderServi - Loading from file system: jar:file:/C:/Users/chano/.m2/repository/com/github/almasb/fxgl/17/fxgl-17.jar!/fxglassets/ui/fonts/Courier-Prime.ttf
09:17:27.209 [JavaFX Application Thread] DEBUG FXGLAssetLoaderServi - Loading from file system: jar:file:/C:/Users/chano/.m2/repository/com/github/almasb/fxgl/17/fxgl-17.jar!/fxglassets/textures/fxgl_default_cursor.png
09:17:27.231 [JavaFX Application Thread] DEBUG Input                - Registered new binding: Screenshot - CTRL+8
09:17:27.232 [JavaFX Application Thread] DEBUG Input                - Registered new binding: System info dump - CTRL+9
09:17:27.233 [JavaFX Application Thread] DEBUG Input                - Registered new binding: Restart - CTRL+R
09:17:27.235 [JavaFX Application Thread] DEBUG Input                - Registered new binding: Toggle Debug Camera - CTRL+7
09:17:27.239 [JavaFX Application Thread] DEBUG LoopRunner           - Starting loop
09:17:27.240 [JavaFX Application Thread] DEBUG LoopRunner           - Initializing JavaFX AnimationTimerLoop
09:17:27.244 [JavaFX Application Thread] DEBUG GameApplicationServi - Starting new game
09:17:27.245 [JavaFX Application Thread] DEBUG Input                - Clearing active input actions
09:17:27.269 [JavaFX Application Thread] DEBUG GameApplicationServi - Removing overlay from FXGLStartupScene and adding to FXGLLoadingScene
09:17:27.270 [JavaFX Application Thread] DEBUG PrimaryStageWindow   - FXGLStartupScene -> FXGLLoadingScene
09:17:27.270 [JavaFX Application Thread] DEBUG GameApplicationServi - Clearing previous game
09:17:27.270 [JavaFX Application Thread] DEBUG GameScene            - Clearing game scene
09:17:27.270 [JavaFX Application Thread] DEBUG GameWorld            - Clearing game world
09:17:27.270 [JavaFX Application Thread] DEBUG PhysicsWorld         - Clearing physics world
09:17:27.275 [JavaFX Application Thread] DEBUG FXGLApplication      - Registering font factories with UI factory
09:17:27.275 [FXGL Background Thread 4 ] DEBUG FXGLApplication      - Initializing game
09:17:27.313 [FXGL Background Thread 4 ] DEBUG FXGLAssetLoaderServi - Loading from file system: file:/C:/Users/chano/Documents/SimuladorGourmet/target/classes/assets/textures/recepcionista.png
09:17:27.339 [FXGL Background Thread 4 ] DEBUG FXGLAssetLoaderServi - Loading from file system: file:/C:/Users/chano/Documents/SimuladorGourmet/target/classes/assets/textures/mesa.png
09:17:27.373 [FXGL Background Thread 4 ] DEBUG FXGLAssetLoaderServi - Loading from file system: file:/C:/Users/chano/Documents/SimuladorGourmet/target/classes/assets/textures/mesero.png
09:17:27.379 [FXGL Background Thread 4 ] DEBUG FXGLAssetLoaderServi - Loading from file system: file:/C:/Users/chano/Documents/SimuladorGourmet/target/classes/assets/textures/chef.png
09:17:27.392 [FXGL Background Thread 4 ] INFO  FXGLApplication      - Game initialization took: 0.117 sec
09:17:27.406 [JavaFX Application Thread] DEBUG FXGLAssetLoaderServi - Loading from file system: file:/C:/Users/chano/Documents/SimuladorGourmet/target/classes/assets/textures/fondo.png
09:17:27.524 [JavaFX Application Thread] DEBUG Input                - Clearing active input actions
09:17:27.537 [JavaFX Application Thread] DEBUG GameApplicationServi - Removing overlay from FXGLLoadingScene and adding to GameScene
09:17:27.539 [JavaFX Application Thread] DEBUG PrimaryStageWindow   - FXGLLoadingScene -> GameScene
09:17:27.553 [JavaFX Application Thread] DEBUG FXGLAssetLoaderServi - Loading from file system: file:/C:/Users/chano/Documents/SimuladorGourmet/target/classes/assets/textures/comensal.png
09:17:28.063 [FXGL Background Thread 2 ] INFO  UpdaterService       - Your current version:  17
09:17:28.063 [FXGL Background Thread 2 ] INFO  UpdaterService       - Latest stable version: 21.1
09:17:30.067 [FXGL Background Thread 3 ] DEBUG Engine               - Logging environment variables
09:17:30.068 [FXGL Background Thread 3 ] DEBUG Engine               - achievements: []
09:17:30.068 [FXGL Background Thread 3 ] DEBUG Engine               - actualHeight: 545.0
09:17:30.069 [FXGL Background Thread 3 ] DEBUG Engine               - actualHeightProperty: ReadOnlyDoubleProperty [value: 545.0]
09:17:30.069 [FXGL Background Thread 3 ] DEBUG Engine               - actualWidth: 950.0
09:17:30.069 [FXGL Background Thread 3 ] DEBUG Engine               - actualWidthProperty: ReadOnlyDoubleProperty [value: 950.0]
09:17:30.069 [FXGL Background Thread 3 ] DEBUG Engine               - appIcon: fxgl_icon.png
09:17:30.069 [FXGL Background Thread 3 ] DEBUG Engine               - applicationMode: DEVELOPER
09:17:30.069 [FXGL Background Thread 3 ] DEBUG Engine               - cSSList: [fxgl_dark.css]
09:17:30.069 [FXGL Background Thread 3 ] DEBUG Engine               - collisionDetectionStrategy: BRUTE_FORCE
09:17:30.069 [FXGL Background Thread 3 ] DEBUG Engine               - configClass: Optional.empty
09:17:30.069 [FXGL Background Thread 3 ] DEBUG Engine               - credits: []
09:17:30.071 [FXGL Background Thread 3 ] DEBUG Engine               - defaultCursor: CursorInfo(imageName=fxgl_default_cursor.png, hotspotX=7.0, hotspotY=6.0)
09:17:30.071 [FXGL Background Thread 3 ] DEBUG Engine               - devBBoxColorProperty: ObjectProperty [value: 0xff0000ff]
09:17:30.071 [FXGL Background Thread 3 ] DEBUG Engine               - devEnableDebugCameraProperty: BooleanProperty [value: false]
09:17:30.072 [FXGL Background Thread 3 ] DEBUG Engine               - devSensorColorProperty: ObjectProperty [value: 0xffff00ff]
09:17:30.072 [FXGL Background Thread 3 ] DEBUG Engine               - devShowBBoxProperty: BooleanProperty [value: false]
09:17:30.072 [FXGL Background Thread 3 ] DEBUG Engine               - devShowPositionProperty: BooleanProperty [value: false]
09:17:30.072 [FXGL Background Thread 3 ] DEBUG Engine               - enabledMenuItems: []
09:17:30.072 [FXGL Background Thread 3 ] DEBUG Engine               - engineServices: [class com.almasb.fxgl.app.services.FXGLAssetLoaderService, class com.almasb.fxgl.app.FXGLApplication$GameApplicationService, class com.almasb.fxgl.app.services.FXGLDialogService, class com.almasb.fxgl.app.services.IOTaskExecutorService, class com.almasb.fxgl.io.FileSystemService, class com.almasb.fxgl.localization.LocalizationService, class com.almasb.fxgl.app.services.SystemBundleService, class com.almasb.fxgl.profile.SaveLoadService, class com.almasb.fxgl.ui.FXGLUIFactoryServiceProvider, class com.almasb.fxgl.ui.FXGLDialogFactoryServiceProvider, class com.almasb.fxgl.audio.AudioPlayer, class com.almasb.fxgl.notification.impl.NotificationServiceProvider, class com.almasb.fxgl.achievement.AchievementService, class com.almasb.fxgl.cutscene.CutsceneService, class com.almasb.fxgl.minigames.MiniGameService, class com.almasb.fxgl.net.NetService, class com.almasb.fxgl.app.services.UpdaterService, class com.almasb.fxgl.dev.DevService]
09:17:30.072 [FXGL Background Thread 3 ] DEBUG Engine               - fontGame: Abel-Regular.ttf
09:17:30.072 [FXGL Background Thread 3 ] DEBUG Engine               - fontMono: TerminalLandMono-Regular.otf
09:17:30.072 [FXGL Background Thread 3 ] DEBUG Engine               - fontText: Courier-Prime.ttf
09:17:30.072 [FXGL Background Thread 3 ] DEBUG Engine               - fontUI: VarelaRound-Regular.ttf
09:17:30.073 [FXGL Background Thread 3 ] DEBUG Engine               - fullScreen: BooleanProperty [value: false]
09:17:30.073 [FXGL Background Thread 3 ] DEBUG Engine               - gameDifficulty: MEDIUM
09:17:30.073 [FXGL Background Thread 3 ] DEBUG Engine               - gameDifficultyProperty: ObjectProperty [value: MEDIUM]
09:17:30.073 [FXGL Background Thread 3 ] DEBUG Engine               - globalMusicVolume: 0.5
09:17:30.073 [FXGL Background Thread 3 ] DEBUG Engine               - globalMusicVolumeProperty: DoubleProperty [value: 0.5]
09:17:30.073 [FXGL Background Thread 3 ] DEBUG Engine               - globalSoundVolume: 0.5
09:17:30.073 [FXGL Background Thread 3 ] DEBUG Engine               - globalSoundVolumeProperty: DoubleProperty [value: 0.5]
09:17:30.073 [FXGL Background Thread 3 ] DEBUG Engine               - height: 545
09:17:30.073 [FXGL Background Thread 3 ] DEBUG Engine               - is3D: false
09:17:30.073 [FXGL Background Thread 3 ] DEBUG Engine               - isAndroid: false
09:17:30.073 [FXGL Background Thread 3 ] DEBUG Engine               - isBrowser: false
09:17:30.073 [FXGL Background Thread 3 ] DEBUG Engine               - isClickFeedbackEnabled: false
09:17:30.073 [FXGL Background Thread 3 ] DEBUG Engine               - isCloseConfirmation: false
09:17:30.073 [FXGL Background Thread 3 ] DEBUG Engine               - isDesktop: true
09:17:30.073 [FXGL Background Thread 3 ] DEBUG Engine               - isDeveloperMenuEnabled: false
09:17:30.073 [FXGL Background Thread 3 ] DEBUG Engine               - isEmbedded: false
09:17:30.073 [FXGL Background Thread 3 ] DEBUG Engine               - isEntityPreloadEnabled: true
09:17:30.073 [FXGL Background Thread 3 ] DEBUG Engine               - isExperimentalTiledLargeMap: false
09:17:30.073 [FXGL Background Thread 3 ] DEBUG Engine               - isFileSystemWriteAllowed: true
09:17:30.073 [FXGL Background Thread 3 ] DEBUG Engine               - isFullScreenAllowed: false
09:17:30.073 [FXGL Background Thread 3 ] DEBUG Engine               - isFullScreenFromStart: false
09:17:30.073 [FXGL Background Thread 3 ] DEBUG Engine               - isGameMenuEnabled: false
09:17:30.074 [FXGL Background Thread 3 ] DEBUG Engine               - isIOS: false
09:17:30.074 [FXGL Background Thread 3 ] DEBUG Engine               - isIntroEnabled: false
09:17:30.074 [FXGL Background Thread 3 ] DEBUG Engine               - isLinux: false
09:17:30.074 [FXGL Background Thread 3 ] DEBUG Engine               - isMac: false
09:17:30.074 [FXGL Background Thread 3 ] DEBUG Engine               - isMainMenuEnabled: false
09:17:30.074 [FXGL Background Thread 3 ] DEBUG Engine               - isManualResizeEnabled: false
09:17:30.074 [FXGL Background Thread 3 ] DEBUG Engine               - isMobile: false
09:17:30.074 [FXGL Background Thread 3 ] DEBUG Engine               - isNative: false
09:17:30.074 [FXGL Background Thread 3 ] DEBUG Engine               - isPauseMusicWhenMinimized: true
09:17:30.074 [FXGL Background Thread 3 ] DEBUG Engine               - isPreserveResizeRatio: false
09:17:30.074 [FXGL Background Thread 3 ] DEBUG Engine               - isProfilingEnabled: false
09:17:30.075 [FXGL Background Thread 3 ] DEBUG Engine               - isScaleAffectedOnResize: true
09:17:30.075 [FXGL Background Thread 3 ] DEBUG Engine               - isSingleStep: false
09:17:30.075 [FXGL Background Thread 3 ] DEBUG Engine               - isUserProfileEnabled: false
09:17:30.075 [FXGL Background Thread 3 ] DEBUG Engine               - isWindows: true
09:17:30.075 [FXGL Background Thread 3 ] DEBUG Engine               - language: ObjectProperty [value: ENGLISH]
09:17:30.075 [FXGL Background Thread 3 ] DEBUG Engine               - menuKey: ESCAPE
09:17:30.075 [FXGL Background Thread 3 ] DEBUG Engine               - mouseSensitivity: 0.2
09:17:30.075 [FXGL Background Thread 3 ] DEBUG Engine               - notificationViewClass: class com.almasb.fxgl.notification.view.XboxNotificationView
09:17:30.075 [FXGL Background Thread 3 ] DEBUG Engine               - pixelsPerMeter: 50.0
09:17:30.075 [FXGL Background Thread 3 ] DEBUG Engine               - platform: WINDOWS
09:17:30.075 [FXGL Background Thread 3 ] DEBUG Engine               - prefHeightProperty: ReadOnlyDoubleProperty [value: 545.0]
09:17:30.076 [FXGL Background Thread 3 ] DEBUG Engine               - prefWidthProperty: ReadOnlyDoubleProperty [value: 950.0]
09:17:30.076 [FXGL Background Thread 3 ] DEBUG Engine               - profileDir: profiles/
09:17:30.076 [FXGL Background Thread 3 ] DEBUG Engine               - profileName: StringProperty [value: DEFAULT]
09:17:30.076 [FXGL Background Thread 3 ] DEBUG Engine               - randomSeed: -1
09:17:30.076 [FXGL Background Thread 3 ] DEBUG Engine               - runtimeInfo: RuntimeInfo(platform=WINDOWS, version=17, build=31.12.2021 18.16)
09:17:30.076 [FXGL Background Thread 3 ] DEBUG Engine               - saveFileExt: sav
09:17:30.076 [FXGL Background Thread 3 ] DEBUG Engine               - scaledHeightProp$fxgl: DoubleProperty [bound, value: 545.0]
09:17:30.076 [FXGL Background Thread 3 ] DEBUG Engine               - scaledWidthProp$fxgl: DoubleProperty [bound, value: 950.0]
09:17:30.076 [FXGL Background Thread 3 ] DEBUG Engine               - sceneFactory: com.almasb.fxgl.app.scene.SceneFactory@110967a5
09:17:30.076 [FXGL Background Thread 3 ] DEBUG Engine               - secondsIn24h: 60
09:17:30.076 [FXGL Background Thread 3 ] DEBUG Engine               - soundMenuBack: menu/back.wav
09:17:30.076 [FXGL Background Thread 3 ] DEBUG Engine               - soundMenuPress: menu/press.wav
09:17:30.076 [FXGL Background Thread 3 ] DEBUG Engine               - soundMenuSelect: menu/select.wav
09:17:30.076 [FXGL Background Thread 3 ] DEBUG Engine               - soundNotification: core/notification.wav
09:17:30.076 [FXGL Background Thread 3 ] DEBUG Engine               - stageStyle: DECORATED
09:17:30.076 [FXGL Background Thread 3 ] DEBUG Engine               - supportedLanguages: [ENGLISH, FRENCH, GERMAN, HUNGARIAN, RUSSIAN]
09:17:30.076 [FXGL Background Thread 3 ] DEBUG Engine               - ticksPerSecond: -1
09:17:30.077 [FXGL Background Thread 3 ] DEBUG Engine               - title: Restaurant-Gourmet
09:17:30.077 [FXGL Background Thread 3 ] DEBUG Engine               - urlGithub: https://github.com/AlmasB/FXGL
09:17:30.077 [FXGL Background Thread 3 ] DEBUG Engine               - urlLeaderboard: http://fxgl-top.herokuapp.com/
09:17:30.077 [FXGL Background Thread 3 ] DEBUG Engine               - urlPOM: https://raw.githubusercontent.com/AlmasB/FXGL/release/README.md
09:17:30.077 [FXGL Background Thread 3 ] DEBUG Engine               - userAppClass: class app.SimulatorRestaurant
09:17:30.077 [FXGL Background Thread 3 ] DEBUG Engine               - version: 1.1
09:17:30.077 [FXGL Background Thread 3 ] DEBUG Engine               - versionCheckDays: 7
09:17:30.077 [FXGL Background Thread 3 ] DEBUG Engine               - width: 950
09:17:30.077 [FXGL Background Thread 3 ] DEBUG Engine               - Logging services
09:17:30.077 [FXGL Background Thread 3 ] DEBUG Engine               - class com.almasb.fxgl.app.services.FXGLAssetLoaderService
09:17:30.077 [FXGL Background Thread 3 ] DEBUG Engine               - class com.almasb.fxgl.app.FXGLApplication$GameApplicationService
09:17:30.077 [FXGL Background Thread 3 ] DEBUG Engine               - class com.almasb.fxgl.app.services.FXGLDialogService
09:17:30.077 [FXGL Background Thread 3 ] DEBUG Engine               - class com.almasb.fxgl.app.services.IOTaskExecutorService
09:17:30.077 [FXGL Background Thread 3 ] DEBUG Engine               - class com.almasb.fxgl.io.FileSystemService
09:17:30.077 [FXGL Background Thread 3 ] DEBUG Engine               - class com.almasb.fxgl.localization.LocalizationService
09:17:30.077 [FXGL Background Thread 3 ] DEBUG Engine               - class com.almasb.fxgl.app.services.SystemBundleService
09:17:30.077 [FXGL Background Thread 3 ] DEBUG Engine               - class com.almasb.fxgl.profile.SaveLoadService
09:17:30.077 [FXGL Background Thread 3 ] DEBUG Engine               - class com.almasb.fxgl.ui.FXGLUIFactoryServiceProvider
09:17:30.077 [FXGL Background Thread 3 ] DEBUG Engine               - class com.almasb.fxgl.ui.FXGLDialogFactoryServiceProvider
09:17:30.077 [FXGL Background Thread 3 ] DEBUG Engine               - class com.almasb.fxgl.audio.AudioPlayer
09:17:30.077 [FXGL Background Thread 3 ] DEBUG Engine               - class com.almasb.fxgl.notification.impl.NotificationServiceProvider
09:17:30.077 [FXGL Background Thread 3 ] DEBUG Engine               - class com.almasb.fxgl.achievement.AchievementService
09:17:30.077 [FXGL Background Thread 3 ] DEBUG Engine               - class com.almasb.fxgl.cutscene.CutsceneService
09:17:30.077 [FXGL Background Thread 3 ] DEBUG Engine               - class com.almasb.fxgl.minigames.MiniGameService
09:17:30.077 [FXGL Background Thread 3 ] DEBUG Engine               - class com.almasb.fxgl.net.NetService
09:17:30.077 [FXGL Background Thread 3 ] DEBUG Engine               - class com.almasb.fxgl.app.services.UpdaterService
09:17:30.077 [FXGL Background Thread 3 ] DEBUG Engine               - class com.almasb.fxgl.dev.DevService
09:19:35.676 [JavaFX Application Thread] DEBUG FXGLApplication      - Exiting FXGL
09:19:35.676 [JavaFX Application Thread] DEBUG LoopRunner           - Stopping loop
09:19:35.676 [JavaFX Application Thread] DEBUG SystemBundleService  - Saving FXGL system data
09:19:35.680 [JavaFX Application Thread] DEBUG FileSystemAccess     - Writing to: C:\Users\chano\Documents\SimuladorGourmet\system\fxgl.bundle
09:19:35.683 [JavaFX Application Thread] DEBUG Async                - Shutting down background threads
09:19:35.683 [JavaFX Application Thread] DEBUG PrimaryStageWindow   - Closing main window
09:19:35.747 [JavaFX Application Thread] DEBUG Logger               - Closing Logger
